
Jul 02, 2022 09:21:17.395 NEW SESSION
Jul 02, 2022 09:21:17.397 [18948:16884:0702/092117.388:ERROR:interface_endpoint_client.cc(665)] Message 1 rejected by interface blink.mojom.WidgetHost
Jul 02, 2022 09:49:19.947 [18948:16884:0702/094919.946:ERROR:device_event_log_impl.cc(214)] [09:49:19.839] USB: usb_service_win.cc:104 SetupDiGetDeviceProperty({{A45C254E-DF1C-4EFD-8020-67D146A850E0}, 6}) failed: Element not found. (0x490)
Jul 02, 2022 10:02:04.825 [18948:5844:0702/100204.823:ERROR:connection_factory_impl.cc(425)] Failed to connect to MCS endpoint with error -103
Jul 02, 2022 10:02:07.251 [18948:5844:0702/100207.251:ERROR:connection_factory_impl.cc(425)] Failed to connect to MCS endpoint with error -105
Jul 02, 2022 10:02:14.559 [18948:5844:0702/100214.558:ERROR:connection_factory_impl.cc(425)] Failed to connect to MCS endpoint with error -105
Jul 02, 2022 10:02:18.113 [18948:5844:0702/100218.112:ERROR:connection_factory_impl.cc(425)] Failed to connect to MCS endpoint with error -105
Jul 02, 2022 10:03:33.724 [18948:16884:0702/100333.723:ERROR:interface_endpoint_client.cc(665)] Message 0 rejected by interface blink.mojom.WidgetHost
Jul 02, 2022 10:04:30.299 [18948:5844:0702/100430.298:ERROR:connection_factory_impl.cc(425)] Failed to connect to MCS endpoint with error -105

Jul 02, 2022 14:55:46.54 NEW SESSION
Jul 02, 2022 14:55:46.54 [21276:10832:0702/145546.025:ERROR:connection_factory_impl.cc(425)] Failed to connect to MCS endpoint with error -105
Jul 02, 2022 15:05:15.501 [21276:10832:0702/150515.500:ERROR:connection_factory_impl.cc(425)] Failed to connect to MCS endpoint with error -105
Jul 02, 2022 15:05:15.501 [21276:10832:0702/150515.501:ERROR:connection_factory_impl.cc(425)] Failed to connect to MCS endpoint with error -105
Jul 02, 2022 15:06:10.93 [21276:10832:0702/150610.092:ERROR:connection_factory_impl.cc(425)] Failed to connect to MCS endpoint with error -7
Jul 02, 2022 15:06:15.209 [21276:10832:0702/150615.209:ERROR:connection_factory_impl.cc(425)] Failed to connect to MCS endpoint with error -7
Jul 02, 2022 15:08:40.871 [21276:10832:0702/150840.871:ERROR:connection_factory_impl.cc(425)] Failed to connect to MCS endpoint with error -105
Jul 02, 2022 15:08:40.968 [21276:10832:0702/150840.967:ERROR:connection_factory_impl.cc(425)] Failed to connect to MCS endpoint with error -105
Jul 02, 2022 15:11:08.967 [21276:10832:0702/151108.967:ERROR:connection_factory_impl.cc(425)] Failed to connect to MCS endpoint with error -105
Jul 02, 2022 15:11:09.44 [21276:10832:0702/151109.043:ERROR:connection_factory_impl.cc(425)] Failed to connect to MCS endpoint with error -105
Jul 02, 2022 15:11:29.483 [21276:10832:0702/151129.483:ERROR:connection_factory_impl.cc(425)] Failed to connect to MCS endpoint with error -105
Jul 02, 2022 15:11:36.424 [21276:10832:0702/151136.421:ERROR:connection_factory_impl.cc(425)] Failed to connect to MCS endpoint with error -105

Jul 03, 2022 07:20:51.244 NEW SESSION
Jul 03, 2022 07:20:51.244 [23192:21032:0703/072051.190:ERROR:interface_endpoint_client.cc(665)] Message 0 rejected by interface blink.mojom.WidgetHost
Jul 03, 2022 07:49:14.31 [1796:22732:0703/074914.031:ERROR:interface_endpoint_client.cc(665)] Message 0 rejected by interface blink.mojom.WidgetHost

Jul 03, 2022 11:36:16.999 NEW SESSION
Jul 03, 2022 11:36:16.999 [13196:22420:0703/113616.999:ERROR:connection_factory_impl.cc(425)] Failed to connect to MCS endpoint with error -118
Jul 03, 2022 11:36:44.972 [13196:22420:0703/113644.972:ERROR:connection_factory_impl.cc(425)] Failed to connect to MCS endpoint with error -200
Jul 03, 2022 11:37:51.601 [13196:22420:0703/113751.600:ERROR:connection_factory_impl.cc(425)] Failed to connect to MCS endpoint with error -118
Jul 03, 2022 11:39:40.238 [13196:22420:0703/113940.237:ERROR:connection_factory_impl.cc(425)] Failed to connect to MCS endpoint with error -200
Jul 03, 2022 11:43:09.112 [13196:22420:0703/114309.111:ERROR:connection_factory_impl.cc(425)] Failed to connect to MCS endpoint with error -118
Jul 03, 2022 11:47:52.802 [13196:20356:0703/114752.801:ERROR:interface_endpoint_client.cc(665)] Message 0 rejected by interface blink.mojom.WidgetHost
Jul 03, 2022 17:50:24.235 [24328:19928:0703/175024.235:ERROR:interface_endpoint_client.cc(665)] Message 0 rejected by interface blink.mojom.WidgetHost

Jul 04, 2022 12:06:31.11 NEW SESSION
Jul 04, 2022 12:06:31.11 [9272:18364:0704/120630.956:ERROR:connection_factory_impl.cc(425)] Failed to connect to MCS endpoint with error -105
Jul 04, 2022 12:06:39.330 [9272:18364:0704/120639.330:ERROR:connection_factory_impl.cc(425)] Failed to connect to MCS endpoint with error -105
Jul 04, 2022 12:06:54.358 [9272:18364:0704/120654.358:ERROR:connection_factory_impl.cc(425)] Failed to connect to MCS endpoint with error -105
Jul 04, 2022 12:07:09.834 [9272:18364:0704/120709.834:ERROR:connection_factory_impl.cc(425)] Failed to connect to MCS endpoint with error -105
Jul 04, 2022 12:07:24.854 [9272:18364:0704/120724.853:ERROR:connection_factory_impl.cc(425)] Failed to connect to MCS endpoint with error -105
Jul 04, 2022 12:07:40.348 [9272:18364:0704/120740.348:ERROR:connection_factory_impl.cc(425)] Failed to connect to MCS endpoint with error -105
Jul 04, 2022 12:07:55.861 [9272:18364:0704/120755.861:ERROR:connection_factory_impl.cc(425)] Failed to connect to MCS endpoint with error -105
Jul 04, 2022 12:08:11.350 [9272:18364:0704/120811.350:ERROR:connection_factory_impl.cc(425)] Failed to connect to MCS endpoint with error -105
Jul 04, 2022 12:08:26.849 [9272:18364:0704/120826.849:ERROR:connection_factory_impl.cc(425)] Failed to connect to MCS endpoint with error -105
Jul 04, 2022 12:08:42.842 [9272:18364:0704/120842.842:ERROR:connection_factory_impl.cc(425)] Failed to connect to MCS endpoint with error -105
Jul 04, 2022 12:08:58.335 [9272:18364:0704/120858.335:ERROR:connection_factory_impl.cc(425)] Failed to connect to MCS endpoint with error -105
Jul 04, 2022 12:09:13.867 [9272:18364:0704/120913.867:ERROR:connection_factory_impl.cc(425)] Failed to connect to MCS endpoint with error -105
Jul 04, 2022 12:09:28.832 [9272:18364:0704/120928.832:ERROR:connection_factory_impl.cc(425)] Failed to connect to MCS endpoint with error -105
Jul 04, 2022 12:09:44.339 [9272:18364:0704/120944.339:ERROR:connection_factory_impl.cc(425)] Failed to connect to MCS endpoint with error -105
Jul 04, 2022 12:09:59.858 [9272:18364:0704/120959.858:ERROR:connection_factory_impl.cc(425)] Failed to connect to MCS endpoint with error -105
Jul 04, 2022 12:10:15.363 [9272:18364:0704/121015.363:ERROR:connection_factory_impl.cc(425)] Failed to connect to MCS endpoint with error -105
Jul 04, 2022 12:10:30.869 [9272:18364:0704/121030.869:ERROR:connection_factory_impl.cc(425)] Failed to connect to MCS endpoint with error -105
Jul 04, 2022 12:10:45.859 [9272:18364:0704/121045.859:ERROR:connection_factory_impl.cc(425)] Failed to connect to MCS endpoint with error -105
Jul 04, 2022 12:11:01.347 [9272:18364:0704/121101.347:ERROR:connection_factory_impl.cc(425)] Failed to connect to MCS endpoint with error -105
Jul 04, 2022 12:11:16.848 [9272:18364:0704/121116.848:ERROR:connection_factory_impl.cc(425)] Failed to connect to MCS endpoint with error -105
Jul 04, 2022 12:11:32.346 [9272:18364:0704/121132.346:ERROR:connection_factory_impl.cc(425)] Failed to connect to MCS endpoint with error -105
Jul 04, 2022 12:11:47.865 [9272:18364:0704/121147.865:ERROR:connection_factory_impl.cc(425)] Failed to connect to MCS endpoint with error -105
Jul 04, 2022 12:12:03.363 [9272:18364:0704/121203.363:ERROR:connection_factory_impl.cc(425)] Failed to connect to MCS endpoint with error -105
Jul 04, 2022 12:12:18.347 [9272:18364:0704/121218.347:ERROR:connection_factory_impl.cc(425)] Failed to connect to MCS endpoint with error -105
Jul 04, 2022 12:12:33.854 [9272:18364:0704/121233.854:ERROR:connection_factory_impl.cc(425)] Failed to connect to MCS endpoint with error -105
Jul 04, 2022 12:12:49.361 [9272:18364:0704/121249.361:ERROR:connection_factory_impl.cc(425)] Failed to connect to MCS endpoint with error -105
Jul 04, 2022 12:13:04.850 [9272:18364:0704/121304.850:ERROR:connection_factory_impl.cc(425)] Failed to connect to MCS endpoint with error -105
Jul 04, 2022 12:13:20.371 [9272:18364:0704/121320.371:ERROR:connection_factory_impl.cc(425)] Failed to connect to MCS endpoint with error -105
Jul 04, 2022 12:13:35.359 [9272:18364:0704/121335.359:ERROR:connection_factory_impl.cc(425)] Failed to connect to MCS endpoint with error -105
Jul 04, 2022 12:13:50.849 [9272:18364:0704/121350.849:ERROR:connection_factory_impl.cc(425)] Failed to connect to MCS endpoint with error -105
Jul 04, 2022 12:14:07.353 [9272:18364:0704/121407.353:ERROR:connection_factory_impl.cc(425)] Failed to connect to MCS endpoint with error -105
Jul 04, 2022 12:14:22.857 [9272:18364:0704/121422.857:ERROR:connection_factory_impl.cc(425)] Failed to connect to MCS endpoint with error -105
Jul 04, 2022 12:14:38.379 [9272:18364:0704/121438.379:ERROR:connection_factory_impl.cc(425)] Failed to connect to MCS endpoint with error -105
Jul 04, 2022 12:14:54.872 [9272:18364:0704/121454.872:ERROR:connection_factory_impl.cc(425)] Failed to connect to MCS endpoint with error -105
Jul 04, 2022 12:15:10.362 [9272:18364:0704/121510.362:ERROR:connection_factory_impl.cc(425)] Failed to connect to MCS endpoint with error -105
Jul 04, 2022 12:15:25.353 [9272:18364:0704/121525.353:ERROR:connection_factory_impl.cc(425)] Failed to connect to MCS endpoint with error -105
Jul 04, 2022 12:15:40.858 [9272:18364:0704/121540.858:ERROR:connection_factory_impl.cc(425)] Failed to connect to MCS endpoint with error -105
Jul 04, 2022 12:15:56.331 [9272:18364:0704/121556.331:ERROR:connection_factory_impl.cc(425)] Failed to connect to MCS endpoint with error -105
Jul 04, 2022 12:16:11.867 [9272:18364:0704/121611.867:ERROR:connection_factory_impl.cc(425)] Failed to connect to MCS endpoint with error -105
Jul 04, 2022 12:16:27.354 [9272:18364:0704/121627.354:ERROR:connection_factory_impl.cc(425)] Failed to connect to MCS endpoint with error -105
Jul 04, 2022 12:16:42.360 [9272:18364:0704/121642.360:ERROR:connection_factory_impl.cc(425)] Failed to connect to MCS endpoint with error -105
Jul 04, 2022 12:16:57.849 [9272:18364:0704/121657.849:ERROR:connection_factory_impl.cc(425)] Failed to connect to MCS endpoint with error -105
Jul 04, 2022 12:17:13.353 [9272:18364:0704/121713.353:ERROR:connection_factory_impl.cc(425)] Failed to connect to MCS endpoint with error -105
Jul 04, 2022 12:17:28.873 [9272:18364:0704/121728.873:ERROR:connection_factory_impl.cc(425)] Failed to connect to MCS endpoint with error -105
Jul 04, 2022 12:17:43.848 [9272:18364:0704/121743.848:ERROR:connection_factory_impl.cc(425)] Failed to connect to MCS endpoint with error -105
Jul 04, 2022 12:17:59.353 [9272:18364:0704/121759.353:ERROR:connection_factory_impl.cc(425)] Failed to connect to MCS endpoint with error -105
Jul 04, 2022 12:18:14.858 [9272:18364:0704/121814.858:ERROR:connection_factory_impl.cc(425)] Failed to connect to MCS endpoint with error -105
Jul 04, 2022 12:18:30.349 [9272:18364:0704/121830.349:ERROR:connection_factory_impl.cc(425)] Failed to connect to MCS endpoint with error -105
Jul 04, 2022 12:18:45.871 [9272:18364:0704/121845.871:ERROR:connection_factory_impl.cc(425)] Failed to connect to MCS endpoint with error -105
Jul 04, 2022 12:19:01.359 [9272:18364:0704/121901.359:ERROR:connection_factory_impl.cc(425)] Failed to connect to MCS endpoint with error -105
Jul 04, 2022 12:19:16.347 [9272:18364:0704/121916.347:ERROR:connection_factory_impl.cc(425)] Failed to connect to MCS endpoint with error -105
Jul 04, 2022 12:19:31.850 [9272:18364:0704/121931.850:ERROR:connection_factory_impl.cc(425)] Failed to connect to MCS endpoint with error -105
Jul 04, 2022 12:19:47.370 [9272:18364:0704/121947.370:ERROR:connection_factory_impl.cc(425)] Failed to connect to MCS endpoint with error -105
Jul 04, 2022 12:20:03.373 [9272:18364:0704/122003.373:ERROR:connection_factory_impl.cc(425)] Failed to connect to MCS endpoint with error -105
Jul 04, 2022 12:20:18.362 [9272:18364:0704/122018.362:ERROR:connection_factory_impl.cc(425)] Failed to connect to MCS endpoint with error -105
Jul 04, 2022 12:20:33.835 [9272:18364:0704/122033.835:ERROR:connection_factory_impl.cc(425)] Failed to connect to MCS endpoint with error -105
Jul 04, 2022 12:20:49.370 [9272:18364:0704/122049.370:ERROR:connection_factory_impl.cc(425)] Failed to connect to MCS endpoint with error -105
Jul 04, 2022 12:21:04.874 [9272:18364:0704/122104.874:ERROR:connection_factory_impl.cc(425)] Failed to connect to MCS endpoint with error -105
Jul 04, 2022 12:21:20.364 [9272:18364:0704/122120.364:ERROR:connection_factory_impl.cc(425)] Failed to connect to MCS endpoint with error -105
Jul 04, 2022 12:21:35.336 [9272:18364:0704/122135.336:ERROR:connection_factory_impl.cc(425)] Failed to connect to MCS endpoint with error -105
Jul 04, 2022 12:21:50.856 [9272:18364:0704/122150.856:ERROR:connection_factory_impl.cc(425)] Failed to connect to MCS endpoint with error -105
Jul 04, 2022 12:22:06.389 [9272:18364:0704/122206.389:ERROR:connection_factory_impl.cc(425)] Failed to connect to MCS endpoint with error -105
Jul 04, 2022 12:22:21.862 [9272:18364:0704/122221.862:ERROR:connection_factory_impl.cc(425)] Failed to connect to MCS endpoint with error -105
Jul 04, 2022 12:22:37.381 [9272:18364:0704/122237.381:ERROR:connection_factory_impl.cc(425)] Failed to connect to MCS endpoint with error -105
Jul 04, 2022 12:22:52.352 [9272:18364:0704/122252.352:ERROR:connection_factory_impl.cc(425)] Failed to connect to MCS endpoint with error -105
Jul 04, 2022 12:23:07.852 [9272:18364:0704/122307.852:ERROR:connection_factory_impl.cc(425)] Failed to connect to MCS endpoint with error -105
Jul 04, 2022 12:23:23.389 [9272:18364:0704/122323.389:ERROR:connection_factory_impl.cc(425)] Failed to connect to MCS endpoint with error -105
Jul 04, 2022 12:23:38.855 [9272:18364:0704/122338.855:ERROR:connection_factory_impl.cc(425)] Failed to connect to MCS endpoint with error -105
Jul 04, 2022 12:23:53.853 [9272:18364:0704/122353.853:ERROR:connection_factory_impl.cc(425)] Failed to connect to MCS endpoint with error -105
Jul 04, 2022 12:24:09.354 [9272:18364:0704/122409.354:ERROR:connection_factory_impl.cc(425)] Failed to connect to MCS endpoint with error -105
Jul 04, 2022 12:24:24.853 [9272:18364:0704/122424.853:ERROR:connection_factory_impl.cc(425)] Failed to connect to MCS endpoint with error -105
Jul 04, 2022 12:24:40.366 [9272:18364:0704/122440.366:ERROR:connection_factory_impl.cc(425)] Failed to connect to MCS endpoint with error -105
Jul 04, 2022 12:24:55.877 [9272:18364:0704/122455.862:ERROR:connection_factory_impl.cc(425)] Failed to connect to MCS endpoint with error -105
Jul 04, 2022 12:25:11.355 [9272:18364:0704/122511.355:ERROR:connection_factory_impl.cc(425)] Failed to connect to MCS endpoint with error -105
Jul 04, 2022 12:25:26.354 [9272:18364:0704/122526.354:ERROR:connection_factory_impl.cc(425)] Failed to connect to MCS endpoint with error -105
Jul 04, 2022 12:25:41.883 [9272:18364:0704/122541.883:ERROR:connection_factory_impl.cc(425)] Failed to connect to MCS endpoint with error -105
Jul 04, 2022 12:25:57.356 [9272:18364:0704/122557.356:ERROR:connection_factory_impl.cc(425)] Failed to connect to MCS endpoint with error -105
Jul 04, 2022 12:26:12.869 [9272:18364:0704/122612.869:ERROR:connection_factory_impl.cc(425)] Failed to connect to MCS endpoint with error -105
Jul 04, 2022 12:26:27.850 [9272:18364:0704/122627.850:ERROR:connection_factory_impl.cc(425)] Failed to connect to MCS endpoint with error -105
Jul 04, 2022 12:26:43.345 [9272:18364:0704/122643.345:ERROR:connection_factory_impl.cc(425)] Failed to connect to MCS endpoint with error -105
Jul 04, 2022 12:26:58.842 [9272:18364:0704/122658.842:ERROR:connection_factory_impl.cc(425)] Failed to connect to MCS endpoint with error -105
Jul 04, 2022 12:27:14.353 [9272:18364:0704/122714.353:ERROR:connection_factory_impl.cc(425)] Failed to connect to MCS endpoint with error -105
Jul 04, 2022 12:27:29.875 [9272:18364:0704/122729.875:ERROR:connection_factory_impl.cc(425)] Failed to connect to MCS endpoint with error -105
Jul 04, 2022 12:27:45.377 [9272:18364:0704/122745.376:ERROR:connection_factory_impl.cc(425)] Failed to connect to MCS endpoint with error -105
Jul 04, 2022 12:28:00.357 [9272:18364:0704/122800.357:ERROR:connection_factory_impl.cc(425)] Failed to connect to MCS endpoint with error -105
Jul 04, 2022 12:28:12.353 [9272:18364:0704/122812.353:ERROR:connection_factory_impl.cc(425)] Failed to connect to MCS endpoint with error -105
Jul 04, 2022 12:28:15.847 [9272:18364:0704/122815.847:ERROR:connection_factory_impl.cc(425)] Failed to connect to MCS endpoint with error -105
Jul 04, 2022 12:28:34.379 [9272:18364:0704/122834.379:ERROR:connection_factory_impl.cc(425)] Failed to connect to MCS endpoint with error -105
Jul 04, 2022 12:28:39.362 [9272:18364:0704/122839.361:ERROR:connection_factory_impl.cc(425)] Failed to connect to MCS endpoint with error -105
Jul 04, 2022 12:28:43.795 [9272:18364:0704/122843.795:ERROR:connection_factory_impl.cc(425)] Failed to connect to MCS endpoint with error -105
Jul 04, 2022 12:29:06.894 [9272:18364:0704/122906.894:ERROR:connection_factory_impl.cc(425)] Failed to connect to MCS endpoint with error -118
Jul 04, 2022 12:29:23.424 [9272:18364:0704/122923.424:ERROR:connection_factory_impl.cc(425)] Failed to connect to MCS endpoint with error -105
Jul 04, 2022 12:29:30.791 [9272:18364:0704/122930.790:ERROR:connection_factory_impl.cc(425)] Failed to connect to MCS endpoint with error -105
Jul 04, 2022 12:29:38.924 [9272:18364:0704/122938.924:ERROR:connection_factory_impl.cc(425)] Failed to connect to MCS endpoint with error -105
Jul 04, 2022 12:30:00.919 [9272:18364:0704/123000.919:ERROR:connection_factory_impl.cc(425)] Failed to connect to MCS endpoint with error -105
Jul 04, 2022 12:30:16.392 [9272:18364:0704/123016.392:ERROR:connection_factory_impl.cc(425)] Failed to connect to MCS endpoint with error -105
Jul 04, 2022 12:30:31.889 [9272:18364:0704/123031.889:ERROR:connection_factory_impl.cc(425)] Failed to connect to MCS endpoint with error -105
Jul 04, 2022 12:30:47.422 [9272:18364:0704/123047.422:ERROR:connection_factory_impl.cc(425)] Failed to connect to MCS endpoint with error -105
Jul 04, 2022 12:31:02.858 [9272:18364:0704/123102.858:ERROR:connection_factory_impl.cc(425)] Failed to connect to MCS endpoint with error -105
Jul 04, 2022 12:31:18.362 [9272:18364:0704/123118.362:ERROR:connection_factory_impl.cc(425)] Failed to connect to MCS endpoint with error -105
Jul 04, 2022 12:31:20.332 [9272:14672:0704/123120.332:ERROR:interface_endpoint_client.cc(665)] Message 0 rejected by interface blink.mojom.WidgetHost
Jul 04, 2022 12:31:34.398 [9272:18364:0704/123134.397:ERROR:connection_factory_impl.cc(425)] Failed to connect to MCS endpoint with error -105
Jul 04, 2022 12:31:45.295 [9272:18364:0704/123145.294:ERROR:connection_factory_impl.cc(425)] Failed to connect to MCS endpoint with error -105
Jul 04, 2022 12:31:49.907 [9272:18364:0704/123149.907:ERROR:connection_factory_impl.cc(425)] Failed to connect to MCS endpoint with error -105
Jul 04, 2022 13:10:24.917 [9272:18364:0704/131024.916:ERROR:connection_factory_impl.cc(425)] Failed to connect to MCS endpoint with error -105
Jul 04, 2022 13:10:40.403 [9272:18364:0704/131040.403:ERROR:connection_factory_impl.cc(425)] Failed to connect to MCS endpoint with error -105
Jul 04, 2022 13:10:55.886 [9272:18364:0704/131055.886:ERROR:connection_factory_impl.cc(425)] Failed to connect to MCS endpoint with error -105
Jul 04, 2022 13:11:26.768 [3372:20420:0704/131126.768:ERROR:connection_factory_impl.cc(425)] Failed to connect to MCS endpoint with error -105
Jul 04, 2022 13:11:41.901 [3372:20420:0704/131141.900:ERROR:connection_factory_impl.cc(425)] Failed to connect to MCS endpoint with error -105
Jul 04, 2022 13:11:56.872 [3372:20420:0704/131156.871:ERROR:connection_factory_impl.cc(425)] Failed to connect to MCS endpoint with error -105
Jul 04, 2022 13:12:12.421 [3372:20420:0704/131212.421:ERROR:connection_factory_impl.cc(425)] Failed to connect to MCS endpoint with error -105
Jul 04, 2022 13:12:27.920 [3372:20420:0704/131227.920:ERROR:connection_factory_impl.cc(425)] Failed to connect to MCS endpoint with error -105
Jul 04, 2022 13:12:43.428 [3372:20420:0704/131243.428:ERROR:connection_factory_impl.cc(425)] Failed to connect to MCS endpoint with error -105
Jul 04, 2022 13:12:58.888 [3372:20420:0704/131258.888:ERROR:connection_factory_impl.cc(425)] Failed to connect to MCS endpoint with error -105
Jul 04, 2022 13:13:13.855 [3372:20420:0704/131313.855:ERROR:connection_factory_impl.cc(425)] Failed to connect to MCS endpoint with error -105
Jul 04, 2022 13:13:29.356 [3372:20420:0704/131329.356:ERROR:connection_factory_impl.cc(425)] Failed to connect to MCS endpoint with error -105
Jul 04, 2022 13:13:44.909 [3372:20420:0704/131344.909:ERROR:connection_factory_impl.cc(425)] Failed to connect to MCS endpoint with error -105
Jul 04, 2022 13:14:00.395 [3372:20420:0704/131400.394:ERROR:connection_factory_impl.cc(425)] Failed to connect to MCS endpoint with error -105
Jul 04, 2022 13:14:15.905 [3372:20420:0704/131415.905:ERROR:connection_factory_impl.cc(425)] Failed to connect to MCS endpoint with error -105
Jul 04, 2022 13:14:31.400 [3372:20420:0704/131431.400:ERROR:connection_factory_impl.cc(425)] Failed to connect to MCS endpoint with error -105
Jul 04, 2022 13:14:46.360 [3372:20420:0704/131446.360:ERROR:connection_factory_impl.cc(425)] Failed to connect to MCS endpoint with error -105
Jul 04, 2022 13:15:01.867 [3372:20420:0704/131501.867:ERROR:connection_factory_impl.cc(425)] Failed to connect to MCS endpoint with error -105
Jul 04, 2022 13:15:17.389 [3372:20420:0704/131517.389:ERROR:connection_factory_impl.cc(425)] Failed to connect to MCS endpoint with error -105
Jul 04, 2022 13:15:32.888 [3372:20420:0704/131532.888:ERROR:connection_factory_impl.cc(425)] Failed to connect to MCS endpoint with error -105
Jul 04, 2022 13:15:48.380 [3372:20420:0704/131548.379:ERROR:connection_factory_impl.cc(425)] Failed to connect to MCS endpoint with error -105
Jul 04, 2022 13:16:03.401 [3372:20420:0704/131603.401:ERROR:connection_factory_impl.cc(425)] Failed to connect to MCS endpoint with error -105
Jul 04, 2022 13:16:18.875 [3372:20420:0704/131618.875:ERROR:connection_factory_impl.cc(425)] Failed to connect to MCS endpoint with error -105
Jul 04, 2022 13:16:34.447 [3372:20420:0704/131634.447:ERROR:connection_factory_impl.cc(425)] Failed to connect to MCS endpoint with error -105
Jul 04, 2022 13:16:49.873 [3372:20420:0704/131649.873:ERROR:connection_factory_impl.cc(425)] Failed to connect to MCS endpoint with error -105
Jul 04, 2022 13:17:04.861 [3372:20420:0704/131704.861:ERROR:connection_factory_impl.cc(425)] Failed to connect to MCS endpoint with error -105
Jul 04, 2022 13:17:20.380 [3372:20420:0704/131720.380:ERROR:connection_factory_impl.cc(425)] Failed to connect to MCS endpoint with error -105
Jul 04, 2022 13:17:35.837 [3372:20420:0704/131735.837:ERROR:connection_factory_impl.cc(425)] Failed to connect to MCS endpoint with error -105
Jul 04, 2022 13:17:51.387 [3372:20420:0704/131751.387:ERROR:connection_factory_impl.cc(425)] Failed to connect to MCS endpoint with error -105
Jul 04, 2022 13:18:06.876 [3372:20420:0704/131806.876:ERROR:connection_factory_impl.cc(425)] Failed to connect to MCS endpoint with error -105
Jul 04, 2022 13:18:21.879 [3372:20420:0704/131821.879:ERROR:connection_factory_impl.cc(425)] Failed to connect to MCS endpoint with error -105
Jul 04, 2022 13:18:37.352 [3372:20420:0704/131837.352:ERROR:connection_factory_impl.cc(425)] Failed to connect to MCS endpoint with error -105
Jul 04, 2022 13:18:52.871 [3372:20420:0704/131852.871:ERROR:connection_factory_impl.cc(425)] Failed to connect to MCS endpoint with error -105
Jul 04, 2022 13:19:08.376 [3372:20420:0704/131908.376:ERROR:connection_factory_impl.cc(425)] Failed to connect to MCS endpoint with error -105
Jul 04, 2022 13:19:23.879 [3372:20420:0704/131923.879:ERROR:connection_factory_impl.cc(425)] Failed to connect to MCS endpoint with error -105
Jul 04, 2022 13:19:38.837 [3372:20420:0704/131938.837:ERROR:connection_factory_impl.cc(425)] Failed to connect to MCS endpoint with error -105
Jul 04, 2022 13:19:54.388 [3372:20420:0704/131954.388:ERROR:connection_factory_impl.cc(425)] Failed to connect to MCS endpoint with error -105
Jul 04, 2022 13:20:09.892 [3372:20420:0704/132009.892:ERROR:connection_factory_impl.cc(425)] Failed to connect to MCS endpoint with error -105
Jul 04, 2022 13:20:25.382 [3372:20420:0704/132025.382:ERROR:connection_factory_impl.cc(425)] Failed to connect to MCS endpoint with error -105
Jul 04, 2022 13:20:40.871 [3372:20420:0704/132040.871:ERROR:connection_factory_impl.cc(425)] Failed to connect to MCS endpoint with error -105
Jul 04, 2022 13:20:55.873 [3372:20420:0704/132055.873:ERROR:connection_factory_impl.cc(425)] Failed to connect to MCS endpoint with error -105
Jul 04, 2022 13:21:11.362 [3372:20420:0704/132111.362:ERROR:connection_factory_impl.cc(425)] Failed to connect to MCS endpoint with error -105
Jul 04, 2022 13:21:26.866 [3372:20420:0704/132126.866:ERROR:connection_factory_impl.cc(425)] Failed to connect to MCS endpoint with error -105
Jul 04, 2022 13:21:42.371 [3372:20420:0704/132142.371:ERROR:connection_factory_impl.cc(425)] Failed to connect to MCS endpoint with error -105
Jul 04, 2022 13:21:57.874 [3372:20420:0704/132157.874:ERROR:connection_factory_impl.cc(425)] Failed to connect to MCS endpoint with error -105
Jul 04, 2022 13:22:12.863 [3372:20420:0704/132212.863:ERROR:connection_factory_impl.cc(425)] Failed to connect to MCS endpoint with error -105
Jul 04, 2022 13:22:28.351 [3372:20420:0704/132228.351:ERROR:connection_factory_impl.cc(425)] Failed to connect to MCS endpoint with error -105
Jul 04, 2022 13:22:43.857 [3372:20420:0704/132243.857:ERROR:connection_factory_impl.cc(425)] Failed to connect to MCS endpoint with error -105
Jul 04, 2022 13:22:59.377 [3372:20420:0704/132259.377:ERROR:connection_factory_impl.cc(425)] Failed to connect to MCS endpoint with error -105
Jul 04, 2022 13:23:14.405 [3372:20420:0704/132314.404:ERROR:connection_factory_impl.cc(425)] Failed to connect to MCS endpoint with error -105
Jul 04, 2022 13:23:29.888 [3372:20420:0704/132329.887:ERROR:connection_factory_impl.cc(425)] Failed to connect to MCS endpoint with error -105
Jul 04, 2022 13:23:45.400 [3372:20420:0704/132345.400:ERROR:connection_factory_impl.cc(425)] Failed to connect to MCS endpoint with error -105
Jul 04, 2022 13:24:00.905 [3372:20420:0704/132400.905:ERROR:connection_factory_impl.cc(425)] Failed to connect to MCS endpoint with error -105
Jul 04, 2022 13:24:16.425 [3372:20420:0704/132416.425:ERROR:connection_factory_impl.cc(425)] Failed to connect to MCS endpoint with error -105
Jul 04, 2022 13:24:31.410 [3372:20420:0704/132431.410:ERROR:connection_factory_impl.cc(425)] Failed to connect to MCS endpoint with error -105
Jul 04, 2022 13:24:46.894 [3372:20420:0704/132446.894:ERROR:connection_factory_impl.cc(425)] Failed to connect to MCS endpoint with error -105
Jul 04, 2022 13:25:02.403 [3372:20420:0704/132502.403:ERROR:connection_factory_impl.cc(425)] Failed to connect to MCS endpoint with error -105
Jul 04, 2022 13:25:17.904 [3372:20420:0704/132517.904:ERROR:connection_factory_impl.cc(425)] Failed to connect to MCS endpoint with error -105
Jul 04, 2022 13:25:33.358 [3372:20420:0704/132533.358:ERROR:connection_factory_impl.cc(425)] Failed to connect to MCS endpoint with error -105
Jul 04, 2022 13:25:48.372 [3372:20420:0704/132548.372:ERROR:connection_factory_impl.cc(425)] Failed to connect to MCS endpoint with error -105
Jul 04, 2022 13:26:03.869 [3372:20420:0704/132603.869:ERROR:connection_factory_impl.cc(425)] Failed to connect to MCS endpoint with error -105
Jul 04, 2022 13:26:19.390 [3372:20420:0704/132619.389:ERROR:connection_factory_impl.cc(425)] Failed to connect to MCS endpoint with error -105
Jul 04, 2022 13:26:34.923 [3372:20420:0704/132634.923:ERROR:connection_factory_impl.cc(425)] Failed to connect to MCS endpoint with error -105
Jul 04, 2022 13:28:54.290 [12424:20980:0704/132854.290:ERROR:connection_factory_impl.cc(425)] Failed to connect to MCS endpoint with error -105
Jul 04, 2022 13:28:56.889 [12424:20980:0704/132856.889:ERROR:connection_factory_impl.cc(425)] Failed to connect to MCS endpoint with error -105
Jul 04, 2022 13:29:23.914 [12424:20980:0704/132923.914:ERROR:connection_factory_impl.cc(425)] Failed to connect to MCS endpoint with error -105
Jul 04, 2022 13:29:39.365 [12424:20980:0704/132939.365:ERROR:connection_factory_impl.cc(425)] Failed to connect to MCS endpoint with error -105
Jul 04, 2022 13:29:54.950 [12424:20980:0704/132954.950:ERROR:connection_factory_impl.cc(425)] Failed to connect to MCS endpoint with error -105
Jul 04, 2022 13:30:09.923 [12424:20980:0704/133009.923:ERROR:connection_factory_impl.cc(425)] Failed to connect to MCS endpoint with error -105
Jul 04, 2022 13:30:25.391 [12424:20980:0704/133025.391:ERROR:connection_factory_impl.cc(425)] Failed to connect to MCS endpoint with error -105
Jul 04, 2022 13:30:40.915 [12424:20980:0704/133040.915:ERROR:connection_factory_impl.cc(425)] Failed to connect to MCS endpoint with error -105
Jul 04, 2022 13:30:55.889 [12424:20980:0704/133055.889:ERROR:connection_factory_impl.cc(425)] Failed to connect to MCS endpoint with error -105
Jul 04, 2022 13:31:11.381 [12424:20980:0704/133111.381:ERROR:connection_factory_impl.cc(425)] Failed to connect to MCS endpoint with error -105
Jul 04, 2022 13:31:26.923 [12424:20980:0704/133126.923:ERROR:connection_factory_impl.cc(425)] Failed to connect to MCS endpoint with error -105
Jul 04, 2022 13:31:42.436 [12424:20980:0704/133142.436:ERROR:connection_factory_impl.cc(425)] Failed to connect to MCS endpoint with error -105
Jul 04, 2022 13:31:57.917 [12424:20980:0704/133157.917:ERROR:connection_factory_impl.cc(425)] Failed to connect to MCS endpoint with error -105
Jul 04, 2022 13:32:12.905 [12424:20980:0704/133212.905:ERROR:connection_factory_impl.cc(425)] Failed to connect to MCS endpoint with error -105
Jul 04, 2022 13:32:28.382 [12424:20980:0704/133228.382:ERROR:connection_factory_impl.cc(425)] Failed to connect to MCS endpoint with error -105
Jul 04, 2022 13:32:43.919 [12424:20980:0704/133243.919:ERROR:connection_factory_impl.cc(425)] Failed to connect to MCS endpoint with error -105
Jul 04, 2022 13:32:59.391 [12424:20980:0704/133259.391:ERROR:connection_factory_impl.cc(425)] Failed to connect to MCS endpoint with error -105
Jul 04, 2022 13:33:14.891 [12424:20980:0704/133314.891:ERROR:connection_factory_impl.cc(425)] Failed to connect to MCS endpoint with error -105
Jul 04, 2022 13:33:31.374 [12424:20980:0704/133331.374:ERROR:connection_factory_impl.cc(425)] Failed to connect to MCS endpoint with error -105
Jul 04, 2022 13:33:46.906 [12424:20980:0704/133346.906:ERROR:connection_factory_impl.cc(425)] Failed to connect to MCS endpoint with error -105
Jul 04, 2022 13:34:01.887 [12424:20980:0704/133401.887:ERROR:connection_factory_impl.cc(425)] Failed to connect to MCS endpoint with error -105
Jul 04, 2022 13:34:17.409 [12424:20980:0704/133417.409:ERROR:connection_factory_impl.cc(425)] Failed to connect to MCS endpoint with error -105
Jul 04, 2022 13:34:32.793 [12424:20980:0704/133432.793:ERROR:connection_factory_impl.cc(425)] Failed to connect to MCS endpoint with error -105
Jul 04, 2022 13:34:36.301 [12424:20980:0704/133436.300:ERROR:connection_factory_impl.cc(425)] Failed to connect to MCS endpoint with error -105
Jul 04, 2022 13:34:46.909 [12424:20980:0704/133446.908:ERROR:connection_factory_impl.cc(425)] Failed to connect to MCS endpoint with error -105
Jul 04, 2022 13:35:08.388 [12424:20980:0704/133508.388:ERROR:connection_factory_impl.cc(425)] Failed to connect to MCS endpoint with error -105
Jul 04, 2022 13:35:30.908 [12424:20980:0704/133530.908:ERROR:connection_factory_impl.cc(425)] Failed to connect to MCS endpoint with error -105
Jul 04, 2022 13:35:47.411 [12424:20980:0704/133547.411:ERROR:connection_factory_impl.cc(425)] Failed to connect to MCS endpoint with error -105
Jul 04, 2022 13:35:54.802 [12424:20980:0704/133554.802:ERROR:connection_factory_impl.cc(425)] Failed to connect to MCS endpoint with error -105
Jul 04, 2022 13:36:03.401 [12424:20980:0704/133603.401:ERROR:connection_factory_impl.cc(425)] Failed to connect to MCS endpoint with error -105
Jul 04, 2022 13:36:25.402 [12424:20980:0704/133625.402:ERROR:connection_factory_impl.cc(425)] Failed to connect to MCS endpoint with error -105
Jul 04, 2022 13:36:43.404 [12424:20980:0704/133643.404:ERROR:connection_factory_impl.cc(425)] Failed to connect to MCS endpoint with error -105
Jul 04, 2022 13:36:59.411 [12424:20980:0704/133659.411:ERROR:connection_factory_impl.cc(425)] Failed to connect to MCS endpoint with error -105
Jul 04, 2022 13:37:14.892 [12424:20980:0704/133714.892:ERROR:connection_factory_impl.cc(425)] Failed to connect to MCS endpoint with error -105
Jul 04, 2022 13:37:31.410 [12424:20980:0704/133731.410:ERROR:connection_factory_impl.cc(425)] Failed to connect to MCS endpoint with error -105
Jul 04, 2022 13:37:47.930 [12424:20980:0704/133747.929:ERROR:connection_factory_impl.cc(425)] Failed to connect to MCS endpoint with error -105
Jul 04, 2022 13:38:03.894 [12424:20980:0704/133803.894:ERROR:connection_factory_impl.cc(425)] Failed to connect to MCS endpoint with error -105
Jul 04, 2022 13:38:20.405 [12424:20980:0704/133820.405:ERROR:connection_factory_impl.cc(425)] Failed to connect to MCS endpoint with error -105
Jul 04, 2022 13:38:36.898 [12424:20980:0704/133836.898:ERROR:connection_factory_impl.cc(425)] Failed to connect to MCS endpoint with error -105
Jul 04, 2022 13:38:53.406 [12424:20980:0704/133853.406:ERROR:connection_factory_impl.cc(425)] Failed to connect to MCS endpoint with error -105
Jul 04, 2022 13:39:11.409 [12424:20980:0704/133911.409:ERROR:connection_factory_impl.cc(425)] Failed to connect to MCS endpoint with error -105
Jul 04, 2022 13:39:26.880 [12424:20980:0704/133926.880:ERROR:connection_factory_impl.cc(425)] Failed to connect to MCS endpoint with error -105
Jul 04, 2022 13:39:42.389 [12424:20980:0704/133942.389:ERROR:connection_factory_impl.cc(425)] Failed to connect to MCS endpoint with error -105
Jul 04, 2022 13:39:57.922 [12424:20980:0704/133957.922:ERROR:connection_factory_impl.cc(425)] Failed to connect to MCS endpoint with error -105
Jul 04, 2022 13:40:12.883 [12424:20980:0704/134012.883:ERROR:connection_factory_impl.cc(425)] Failed to connect to MCS endpoint with error -105
Jul 04, 2022 13:40:28.406 [12424:20980:0704/134028.406:ERROR:connection_factory_impl.cc(425)] Failed to connect to MCS endpoint with error -105
Jul 04, 2022 13:40:43.925 [12424:20980:0704/134043.925:ERROR:connection_factory_impl.cc(425)] Failed to connect to MCS endpoint with error -105
Jul 04, 2022 13:40:59.384 [12424:20980:0704/134059.384:ERROR:connection_factory_impl.cc(425)] Failed to connect to MCS endpoint with error -105
Jul 04, 2022 13:41:14.412 [12424:20980:0704/134114.412:ERROR:connection_factory_impl.cc(425)] Failed to connect to MCS endpoint with error -105
Jul 04, 2022 13:41:29.911 [12424:20980:0704/134129.911:ERROR:connection_factory_impl.cc(425)] Failed to connect to MCS endpoint with error -105
Jul 04, 2022 13:41:45.413 [12424:20980:0704/134145.413:ERROR:connection_factory_impl.cc(425)] Failed to connect to MCS endpoint with error -105
Jul 04, 2022 13:42:00.913 [12424:20980:0704/134200.913:ERROR:connection_factory_impl.cc(425)] Failed to connect to MCS endpoint with error -105
Jul 04, 2022 13:42:16.383 [12424:20980:0704/134216.383:ERROR:connection_factory_impl.cc(425)] Failed to connect to MCS endpoint with error -105
Jul 04, 2022 13:42:31.403 [12424:20980:0704/134231.403:ERROR:connection_factory_impl.cc(425)] Failed to connect to MCS endpoint with error -105
Jul 04, 2022 13:42:46.901 [12424:20980:0704/134246.900:ERROR:connection_factory_impl.cc(425)] Failed to connect to MCS endpoint with error -105
Jul 04, 2022 13:43:02.413 [12424:20980:0704/134302.413:ERROR:connection_factory_impl.cc(425)] Failed to connect to MCS endpoint with error -105
Jul 04, 2022 13:43:18.416 [12424:20980:0704/134318.416:ERROR:connection_factory_impl.cc(425)] Failed to connect to MCS endpoint with error -105
Jul 04, 2022 13:43:23.797 [12424:20980:0704/134323.797:ERROR:connection_factory_impl.cc(425)] Failed to connect to MCS endpoint with error -105
Jul 04, 2022 13:43:31.283 [12424:20980:0704/134331.282:ERROR:connection_factory_impl.cc(425)] Failed to connect to MCS endpoint with error -105
Jul 04, 2022 13:43:33.355 [12424:20980:0704/134333.354:ERROR:connection_factory_impl.cc(425)] Failed to connect to MCS endpoint with error -105

Jul 05, 2022 11:21:55.188 NEW SESSION
Jul 05, 2022 11:21:55.188 Opening in existing browser session.
Jul 05, 2022 16:06:58.205 [15940:22732:0705/160658.204:ERROR:device_event_log_impl.cc(214)] [16:06:58.204] USB: usb_service_win.cc:104 SetupDiGetDeviceProperty({{A45C254E-DF1C-4EFD-8020-67D146A850E0}, 6}) failed: Element not found. (0x490)
Jul 05, 2022 20:01:59.966 [15504:24772:0705/200159.966:ERROR:device_event_log_impl.cc(214)] [20:01:59.963] USB: usb_service_win.cc:104 SetupDiGetDeviceProperty({{A45C254E-DF1C-4EFD-8020-67D146A850E0}, 6}) failed: Element not found. (0x490)

Jul 23, 2022 10:42:01.940 NEW SESSION
Jul 23, 2022 10:42:01.940 [9016:19248:0723/104201.899:ERROR:connection_factory_impl.cc(425)] Failed to connect to MCS endpoint with error -105
Jul 23, 2022 10:42:37.925 [9016:19248:0723/104237.924:ERROR:connection_factory_impl.cc(425)] Failed to connect to MCS endpoint with error -105
Jul 23, 2022 10:42:56.106 [9016:19248:0723/104256.105:ERROR:connection_factory_impl.cc(425)] Failed to connect to MCS endpoint with error -105
Jul 23, 2022 10:44:26.949 [9016:19248:0723/104426.949:ERROR:connection_factory_impl.cc(425)] Failed to connect to MCS endpoint with error -105
